<?xml version="1.0" encoding="UTF-8"?>
<!-- Generated by org.testng.reporters.JUnitReportReporter -->
<testsuite hostname="DESKTOP-HBH1841" failures="0" tests="1" name="tests.LoginTest" time="32.777" errors="0" timestamp="2025-09-18T11:47:39 IST" skipped="0">
  <testcase classname="tests.LoginTest" name="testLoginMethod" time="32.777"/>
</testsuite> <!-- tests.LoginTest -->
